<?xml version="1.0" encoding="UTF-8"?>
<!-- Generated by org.testng.reporters.JUnitXMLReporter -->
<testsuite ignored="0" hostname="LAPTOP-9D514ALF" failures="0" tests="5" name="Test" time="0.054" errors="0" timestamp="2022-12-28T12:41:04 IST">
  <testcase classname="scripts.Tc1" name="demo" time="0.007"/>
  <testcase classname="scripts.Tc2" name="demo" time="0.0"/>
  <testcase classname="scripts.Tc3" name="demo" time="0.001"/>
  <testcase classname="scripts.Tc4" name="demo" time="0.001"/>
  <testcase classname="scripts.Tc5" name="demo" time="0.001"/>
</testsuite> <!-- Test -->
