<?xml version="1.0" encoding="UTF-8"?>
<!-- Generated by org.testng.reporters.JUnitXMLReporter -->
<testsuite ignored="0" hostname="LAPTOP-9D514ALF" failures="0" tests="5" name="Test" time="0.089" errors="0" timestamp="2023-01-05T16:06:53 IST">
  <testcase classname="scripts.Tc1" name="demo" time="0.012"/>
  <testcase classname="scripts.Tc2" name="demo" time="0.001"/>
  <testcase classname="scripts.Tc3" name="demo" time="0.002"/>
  <testcase classname="scripts.Tc4" name="demo" time="0.002"/>
  <testcase classname="scripts.Tc5" name="demo" time="0.001"/>
</testsuite> <!-- Test -->
