<?xml version="1.0" encoding="UTF-8"?>
<testng-results ignored="0" total="5" passed="5" failed="0" skipped="0">
  <reporter-output>
    <line>
      <![CDATA[Hellojava]]>
    </line>
    <line>
      <![CDATA[Hello selenium]]>
    </line>
    <line>
      <![CDATA[Hello Paritosh]]>
    </line>
    <line>
      <![CDATA[Hello Automation]]>
    </line>
    <line>
      <![CDATA[Hello Shraddha]]>
    </line>
  </reporter-output>
  <suite started-at="2023-01-05T16:06:53 IST" name="Suite" finished-at="2023-01-05T16:06:53 IST" duration-ms="89">
    <groups>
    </groups>
    <test started-at="2023-01-05T16:06:53 IST" name="Test" finished-at="2023-01-05T16:06:53 IST" duration-ms="89">
      <class name="scripts.Tc3">
        <test-method signature="demo()[pri:0, instance:scripts.Tc3@6d3a388c]" started-at="2023-01-05T16:06:53 IST" name="demo" finished-at="2023-01-05T16:06:53 IST" duration-ms="2" status="PASS">
          <reporter-output>
            <line>
              <![CDATA[Hello Paritosh]]>
            </line>
          </reporter-output>
        </test-method> <!-- demo -->
      </class> <!-- scripts.Tc3 -->
      <class name="scripts.Tc4">
        <test-method signature="demo()[pri:0, instance:scripts.Tc4@193f604a]" started-at="2023-01-05T16:06:53 IST" name="demo" finished-at="2023-01-05T16:06:53 IST" duration-ms="2" status="PASS">
          <reporter-output>
            <line>
              <![CDATA[Hello Automation]]>
            </line>
          </reporter-output>
        </test-method> <!-- demo -->
      </class> <!-- scripts.Tc4 -->
      <class name="scripts.Tc1">
        <test-method signature="demo()[pri:0, instance:scripts.Tc1@41fecb8b]" started-at="2023-01-05T16:06:53 IST" name="demo" finished-at="2023-01-05T16:06:53 IST" duration-ms="12" status="PASS">
          <reporter-output>
            <line>
              <![CDATA[Hellojava]]>
            </line>
          </reporter-output>
        </test-method> <!-- demo -->
      </class> <!-- scripts.Tc1 -->
      <class name="scripts.Tc2">
        <test-method signature="demo()[pri:0, instance:scripts.Tc2@223aa2f7]" started-at="2023-01-05T16:06:53 IST" name="demo" finished-at="2023-01-05T16:06:53 IST" duration-ms="1" status="PASS">
          <reporter-output>
            <line>
              <![CDATA[Hello selenium]]>
            </line>
          </reporter-output>
        </test-method> <!-- demo -->
      </class> <!-- scripts.Tc2 -->
      <class name="scripts.Tc5">
        <test-method signature="demo()[pri:0, instance:scripts.Tc5@20f5239f]" started-at="2023-01-05T16:06:53 IST" name="demo" finished-at="2023-01-05T16:06:53 IST" duration-ms="1" status="PASS">
          <reporter-output>
            <line>
              <![CDATA[Hello Shraddha]]>
            </line>
          </reporter-output>
        </test-method> <!-- demo -->
      </class> <!-- scripts.Tc5 -->
    </test> <!-- Test -->
  </suite> <!-- Suite -->
</testng-results>
